20140428104400 CRAWL RESUMED - Running
           timestamp  discovered      queued   downloaded       doc/s(avg)  KB/s(avg)   dl-failures   busy-thread   mem-use-KB  heap-size-KB   congestion   max-depth   avg-depth
2014-04-28T10:44:20Z           2           2            0             0(0)       0(0)             0             0        31582         98880            1           2           2
2014-04-28T10:44:40Z           2           2            0             0(0)       0(0)             0             0        31582         98880            1           2           2
2014-04-28T10:45:00Z           2           2            0             0(0)       0(0)             0             0        35357         98880            1           2           2
2014-04-28T10:45:20Z           2           2            0             0(0)       0(0)             0             0        35357         98880            1           2           2
2014-04-28T10:45:40Z           2           2            0             0(0)       0(0)             0             0        37084         98880            1           2           2
2014-04-28T10:46:00Z           2           2            0             0(0)       0(0)             0             0        37084         98880            1           2           2
2014-04-28T10:46:20Z           2           2            0             0(0)       0(0)             0             0        37084         98880            1           2           2
2014-04-28T10:46:40Z           2           2            0             0(0)       0(0)             0             0        40437         98880            1           2           2
2014-04-28T10:47:00Z           2           2            0             0(0)       0(0)             0             0        40437         98880            1           2           2
2014-04-28T10:47:20Z           2           2            0             0(0)       0(0)             0             0        40514         98880            1           2           2
2014-04-28T10:47:40Z           2           2            0             0(0)       0(0)             0             0        41188         98880            1           2           2
2014-04-28T10:48:00Z           2           2            0             0(0)       0(0)             0             0        43186         98880            1           2           2
2014-04-28T10:48:20Z           2           2            0             0(0)       0(0)             0             0        45880         98880            1           2           2
2014-04-28T10:48:40Z           2           2            0             0(0)       0(0)             0             0        47400         98880            1           2           2
2014-04-28T10:49:00Z           2           2            0             0(0)       0(0)             0             0        48766         98880            1           2           2
2014-04-28T10:49:20Z           2           2            0             0(0)       0(0)             0             0        48766         98880            1           2           2
2014-04-28T10:49:40Z           2           2            0             0(0)       0(0)             0             0        50655         98880            1           2           2
2014-04-28T10:50:00Z           2           2            0             0(0)       0(0)             0             0        52028         98880            1           2           2
2014-04-28T10:50:20Z           2           2            0             0(0)       0(0)             0             0        52105         98880            1           2           2
2014-04-28T10:50:40Z           2           2            0             0(0)       0(0)             0             0        56127         98880            1           2           2
2014-04-28T10:51:00Z           2           2            0             0(0)       0(0)             0             0        56127         98880            1           2           2
2014-04-28T10:51:20Z           2           2            0             0(0)       0(0)             0             0        56801         98880            1           2           2
2014-04-28T10:51:40Z           2           2            0             0(0)       0(0)             0             0        57467         98880            1           2           2
2014-04-28T10:52:00Z           2           2            0             0(0)       0(0)             0             0        57467         98880            1           2           2
2014-04-28T10:52:20Z           2           2            0             0(0)       0(0)             0             0        57467         98880            1           2           2
2014-04-28T10:52:40Z           2           2            0             0(0)       0(0)             0             0        57467         98880            1           2           2
2014-04-28T10:53:00Z           2           2            0             0(0)       0(0)             0             0        57544         98880            1           2           2
2014-04-28T10:53:20Z           2           2            0             0(0)       0(0)             0             0        57544         98880            1           2           2
20140428105332 CRAWL WAITING - Pausing - Waiting for threads to finish
2014-04-28T10:53:32Z           2           2            0             0(0)       0(0)             0             0        57544         98880            1           2           2
20140428105332 CRAWL PAUSED - Paused
20140428105335 CRAWL CHECKPOINTING TO D:\eclipse\MyHeritrix\jobs\default-20140428103136086\checkpoints\00001
20140428105340 CRAWL ENDING - Finished - Ended by operator
2014-04-28T10:53:40Z           2           2            0             0(0)       0(0)             0             0        59666         98880            1           2           2
20140428105340 CRAWL ENDED - Finished - Ended by operator
